SF:lib/bloc/select_address_cubit.dart
DA:5,2
DA:6,2
DA:8,1
DA:9,1
LF:4
LH:4
end_of_record
SF:lib/model/district.dart
DA:12,1
DA:14,0
DA:15,0
DA:17,0
LF:4
LH:1
end_of_record
SF:lib/model/district.g.dart
DA:9,0
DA:10,0
DA:11,0
DA:12,0
DA:15,0
DA:16,0
DA:17,0
DA:18,0
LF:8
LH:0
end_of_record
SF:lib/model/province.dart
DA:10,3
DA:12,1
DA:13,1
DA:15,0
DA:17,2
DA:18,6
LF:6
LH:5
end_of_record
SF:lib/model/province.g.dart
DA:9,2
DA:10,1
DA:11,1
DA:14,0
DA:15,0
DA:16,0
LF:6
LH:3
end_of_record
SF:lib/model/subdistrict.dart
DA:12,1
DA:14,0
DA:15,0
DA:17,0
LF:4
LH:1
end_of_record
SF:lib/model/subdistrict.g.dart
DA:9,0
DA:10,0
DA:11,0
DA:12,0
DA:15,0
DA:16,0
DA:17,0
DA:18,0
DA:19,0
LF:9
LH:0
end_of_record
SF:lib/repository/address_data_repository.dart
DA:10,1
DA:12,1
DA:15,3
DA:17,2
DA:18,0
DA:21,2
DA:23,3
DA:24,4
DA:25,1
DA:28,0
DA:31,0
DA:33,0
DA:34,0
DA:37,0
DA:39,0
DA:40,0
DA:41,0
DA:42,0
DA:43,0
DA:46,0
DA:49,0
DA:51,0
DA:52,0
DA:55,0
DA:57,0
DA:58,0
DA:59,0
DA:60,0
DA:61,0
LF:29
LH:8
end_of_record
SF:lib/screen/home_screen.dart
DA:10,1
DA:14,1
DA:16,1
DA:17,1
DA:21,1
DA:23,2
DA:24,4
DA:25,1
DA:28,1
DA:29,1
DA:34,1
DA:36,1
DA:37,1
DA:38,1
DA:39,1
DA:42,1
DA:44,2
DA:45,2
DA:46,2
LF:19
LH:19
end_of_record
SF:lib/screen/province_screen.dart
DA:10,1
DA:14,1
DA:16,1
DA:17,1
DA:21,1
DA:22,3
DA:23,1
DA:24,2
DA:31,1
DA:34,1
DA:35,1
DA:41,1
DA:43,1
DA:44,1
DA:45,1
DA:47,1
DA:49,1
DA:50,1
DA:51,1
DA:52,2
DA:53,1
DA:56,1
DA:57,1
DA:61,1
DA:63,1
DA:64,2
DA:66,1
DA:67,1
DA:75,1
DA:76,1
DA:77,1
DA:78,1
DA:79,1
DA:81,1
DA:82,0
DA:85,2
DA:86,1
DA:87,1
DA:88,2
DA:90,1
DA:91,2
DA:92,3
DA:93,3
DA:94,2
DA:96,1
DA:99,4
DA:105,1
DA:108,1
LF:48
LH:47
end_of_record
SF:lib/model/address.dart
DA:8,3
DA:10,1
DA:11,4
LF:3
LH:3
end_of_record
SF:lib/bloc/select_district/select_district_state.dart
DA:4,1
DA:8,0
DA:9,0
DA:13,0
DA:14,0
DA:19,1
DA:21,0
DA:22,0
LF:8
LH:2
end_of_record
SF:lib/bloc/select_district/select_district_event.dart
DA:4,2
DA:6,0
DA:7,0
DA:12,2
LF:4
LH:2
end_of_record
SF:lib/bloc/select_district/select_district_bloc.dart
DA:13,1
DA:14,2
DA:15,2
DA:17,4
DA:18,1
DA:19,0
DA:21,2
LF:7
LH:6
end_of_record
SF:lib/bloc/select_province/select_province_state.dart
DA:4,2
DA:8,0
DA:9,0
DA:13,1
DA:14,1
DA:19,2
DA:21,2
DA:22,4
LF:8
LH:6
end_of_record
SF:lib/bloc/select_province/select_province_event.dart
DA:4,4
DA:6,0
DA:7,0
DA:12,4
LF:4
LH:2
end_of_record
SF:lib/bloc/select_province/select_province_bloc.dart
DA:13,2
DA:14,4
DA:15,4
DA:16,6
DA:17,2
DA:18,4
DA:20,4
LF:7
LH:7
end_of_record
SF:lib/bloc/select_subdistrict/select_subdistrict_state.dart
DA:4,0
DA:8,0
DA:9,0
DA:13,0
DA:14,0
DA:19,0
DA:21,0
DA:22,0
LF:8
LH:0
end_of_record
SF:lib/bloc/select_subdistrict/select_subdistrict_bloc.dart
DA:14,0
DA:15,0
DA:16,0
DA:17,0
DA:18,0
DA:19,0
DA:20,0
DA:22,0
LF:8
LH:0
end_of_record
SF:lib/bloc/select_subdistrict/select_subdistrict_event.dart
DA:4,2
DA:6,0
DA:7,0
DA:12,2
LF:4
LH:2
end_of_record
SF:lib/screen/district_screen.dart
DA:10,1
DA:16,1
DA:18,1
DA:19,1
DA:23,1
DA:24,4
DA:25,1
DA:26,4
DA:33,1
DA:40,1
DA:41,1
DA:47,1
DA:49,1
DA:50,1
DA:51,1
DA:53,1
DA:54,1
DA:55,0
DA:56,0
DA:57,0
DA:58,1
DA:61,1
DA:62,1
DA:66,1
DA:67,0
DA:68,0
DA:70,0
DA:71,0
DA:79,1
DA:80,1
DA:81,1
DA:82,1
DA:83,1
DA:85,1
DA:86,0
DA:89,2
DA:90,1
DA:91,1
DA:92,0
DA:94,0
DA:95,0
DA:96,0
DA:97,0
DA:98,0
DA:99,0
DA:101,1
DA:104,4
DA:110,1
DA:113,1
LF:49
LH:34
end_of_record
SF:lib/screen/subdistrict_screen.dart
DA:11,0
DA:18,0
DA:20,0
DA:21,0
DA:25,0
DA:26,0
DA:27,0
DA:28,0
DA:35,0
DA:42,0
DA:43,0
DA:49,0
DA:51,0
DA:52,0
DA:53,0
DA:55,0
DA:56,0
DA:57,0
DA:58,0
DA:59,0
DA:60,0
DA:63,0
DA:64,0
DA:68,0
DA:69,0
DA:70,0
DA:72,0
DA:73,0
DA:81,0
DA:82,0
DA:83,0
DA:84,0
DA:85,0
DA:87,0
DA:88,0
DA:91,0
DA:92,0
DA:93,0
DA:94,0
DA:95,0
DA:96,0
DA:97,0
DA:98,0
DA:100,0
DA:101,0
DA:102,0
DA:104,0
DA:107,0
DA:113,0
DA:116,0
LF:50
LH:0
end_of_record
SF:lib/widget/not_found.dart
DA:4,6
DA:6,1
LF:2
LH:2
end_of_record
